<?xml version="1.0" encoding="UTF-8"?>
<definitions xmlns="http://www.omg.org/spec/BPMN/20100524/MODEL" xmlns:bpmndi="http://www.omg.org/spec/BPMN/20100524/DI" xmlns:omgdc="http://www.omg.org/spec/DD/20100524/DC" xmlns:omgdi="http://www.omg.org/spec/DD/20100524/DI" xmlns:xsi="http://www.w3.org/2001/XMLSchema-instance" xmlns:signavio="http://www.signavio.com" id="sid-c540b3ee-540a-4e4f-8614-7803696b9910" targetNamespace="http://www.signavio.com/bpmn20" exporter="Camunda Modeler" exporterVersion="4.11.1" xsi:schemaLocation="http://www.omg.org/spec/BPMN/20100524/MODEL http://www.omg.org/spec/BPMN/2.0/20100501/BPMN20.xsd">
  <collaboration id="sid-70c35a28-03d0-4c9d-a009-2f24f6cc7ae9">
    <participant id="sid-F3998B48-8B47-4EBF-9690-2459891DF29F" name="Test Workflows" processRef="sid-b0903a88-fe74-4f93-b912-47b815ea8d1c">
      <extensionElements>
        <signavio:signavioMetaData metaKey="bgcolor" metaValue="#ffffff" />
      </extensionElements>
    </participant>
  </collaboration>
  <process id="sid-b0903a88-fe74-4f93-b912-47b815ea8d1c" name="Test Workflows" processType="None" isClosed="false" isExecutable="false">
    <laneSet id="sid-edaa3f58-bb13-4482-930d-e23976d816a1">
      <lane id="sid-7A923A68-8A4D-47F1-9CCD-8584C3992369" name="Test Runner">
        <extensionElements>
          <signavio:signavioMetaData metaKey="bgcolor" metaValue="" />
        </extensionElements>
        <flowNodeRef>sid-2C69C7A6-BD02-428F-B5AA-0BB10EC514C2</flowNodeRef>
        <flowNodeRef>USER_INPUT_SELECT_TEST</flowNodeRef>
        <flowNodeRef>GATEWAY_SELECTED_TEST</flowNodeRef>
        <flowNodeRef>sid-464B8E64-10B4-4158-BDEE-11144CE20306</flowNodeRef>
        <flowNodeRef>MESSAGES_SUB</flowNodeRef>
        <flowNodeRef>SCRIPTS_SUB</flowNodeRef>
        <flowNodeRef>MESSAGE_INTERRUPTS_SUB</flowNodeRef>
        <flowNodeRef>MESSAGE_NON_INTERRUPT_SUB</flowNodeRef>
      </lane>
    </laneSet>
    <startEvent id="sid-2C69C7A6-BD02-428F-B5AA-0BB10EC514C2" name="">
      <extensionElements>
        <signavio:signavioMetaData metaKey="bgcolor" metaValue="#ffffff" />
      </extensionElements>
      <outgoing>sid-6469A686-F148-4E90-81BB-5D3305421758</outgoing>
    </startEvent>
    <userTask id="USER_INPUT_SELECT_TEST" name="Select Test" implementation="webService">
      <extensionElements>
        <signavio:signavioMetaData metaKey="bgcolor" metaValue="#ffffcc" />
      </extensionElements>
      <incoming>sid-6469A686-F148-4E90-81BB-5D3305421758</incoming>
      <outgoing>sid-0B133E7E-E6B3-4578-8F8F-1C9DA5D8A015</outgoing>
    </userTask>
    <exclusiveGateway id="GATEWAY_SELECTED_TEST" name="" gatewayDirection="Diverging">
      <extensionElements>
        <signavio:signavioMetaData metaKey="bgcolor" metaValue="#ffffff" />
      </extensionElements>
      <incoming>sid-0B133E7E-E6B3-4578-8F8F-1C9DA5D8A015</incoming>
      <outgoing>sid-85975D4B-1DC8-4998-A7DF-6F9C31861EE7</outgoing>
      <outgoing>sid-ECE4F718-B986-45F1-8B0C-C0C1DAE66DB3</outgoing>
      <outgoing>sid-488CD0F1-E280-4BDE-B794-64CAF8C4FCA8</outgoing>
      <outgoing>sid-9AD6C46B-BC40-4D3A-91E2-8E933EF9ADF0</outgoing>
      <outgoing>sid-BFCB2CAC-CE5B-4EA2-8A4D-339D7D5894A4</outgoing>
    </exclusiveGateway>
    <endEvent id="sid-464B8E64-10B4-4158-BDEE-11144CE20306" name="">
      <extensionElements>
        <signavio:signavioMetaData metaKey="bgcolor" metaValue="#ffffff" />
      </extensionElements>
      <incoming>sid-36EA1BBD-FB84-4C19-AEFA-5C731F9C8789</incoming>
      <incoming>sid-979356AC-A00F-456E-9790-39D512F50D3C</incoming>
      <incoming>sid-9AD6C46B-BC40-4D3A-91E2-8E933EF9ADF0</incoming>
      <incoming>sid-B7DB2642-79A3-4D7B-9CB6-06C4854E4C9D</incoming>
      <incoming>sid-EC51B1C2-2A2D-4515-90CF-9CDCF31A8A44</incoming>
    </endEvent>
    <callActivity id="MESSAGES_SUB" name="Messages" calledElement="sid-4a1f10ab-316f-4cd8-836d-65aa3d178fff">
      <extensionElements>
        <signavio:signavioMetaData metaKey="bgcolor" metaValue="#ffffcc" />
        <signavio:signavioMetaData metaKey="entry" metaValue="Messages" />
      </extensionElements>
      <incoming>sid-85975D4B-1DC8-4998-A7DF-6F9C31861EE7</incoming>
      <outgoing>sid-36EA1BBD-FB84-4C19-AEFA-5C731F9C8789</outgoing>
    </callActivity>
    <callActivity id="SCRIPTS_SUB" name="Scripts" calledElement="sid-e6cdd73d-0fd2-49b9-99f1-031f81f99545">
      <extensionElements>
        <signavio:signavioMetaData metaKey="bgcolor" metaValue="#ffffcc" />
        <signavio:signavioMetaData metaKey="entry" metaValue="Scripts" />
      </extensionElements>
      <incoming>sid-488CD0F1-E280-4BDE-B794-64CAF8C4FCA8</incoming>
      <outgoing>sid-979356AC-A00F-456E-9790-39D512F50D3C</outgoing>
    </callActivity>
    <callActivity id="MESSAGE_INTERRUPTS_SUB" name="Message Interrupts" calledElement="sid-db1e1749-03ee-46aa-8674-bba07b1bd167">
      <extensionElements>
        <signavio:signavioMetaData metaKey="bgcolor" metaValue="#ffffcc" />
        <signavio:signavioMetaData metaKey="entry" metaValue="Message Interrupts" />
      </extensionElements>
      <incoming>sid-ECE4F718-B986-45F1-8B0C-C0C1DAE66DB3</incoming>
      <outgoing>sid-B7DB2642-79A3-4D7B-9CB6-06C4854E4C9D</outgoing>
    </callActivity>
    <callActivity id="MESSAGE_NON_INTERRUPT_SUB" name="Message Non Interrupt" calledElement="sid-60e2cc58-68c9-4cb5-a95c-22e3e311b6b9">
      <extensionElements>
        <signavio:signavioMetaData metaKey="bgcolor" metaValue="#ffffcc" />
        <signavio:signavioMetaData metaKey="entry" metaValue="Message Non Interrupt" />
      </extensionElements>
      <incoming>sid-BFCB2CAC-CE5B-4EA2-8A4D-339D7D5894A4</incoming>
      <outgoing>sid-EC51B1C2-2A2D-4515-90CF-9CDCF31A8A44</outgoing>
    </callActivity>
    <sequenceFlow id="sid-EC51B1C2-2A2D-4515-90CF-9CDCF31A8A44" name="" sourceRef="MESSAGE_NON_INTERRUPT_SUB" targetRef="sid-464B8E64-10B4-4158-BDEE-11144CE20306" />
    <sequenceFlow id="sid-BFCB2CAC-CE5B-4EA2-8A4D-339D7D5894A4" name="Message Non Interrupt" sourceRef="GATEWAY_SELECTED_TEST" targetRef="MESSAGE_NON_INTERRUPT_SUB" />
    <sequenceFlow id="sid-B7DB2642-79A3-4D7B-9CB6-06C4854E4C9D" name="" sourceRef="MESSAGE_INTERRUPTS_SUB" targetRef="sid-464B8E64-10B4-4158-BDEE-11144CE20306" />
    <sequenceFlow id="sid-9AD6C46B-BC40-4D3A-91E2-8E933EF9ADF0" name="Tests Done" sourceRef="GATEWAY_SELECTED_TEST" targetRef="sid-464B8E64-10B4-4158-BDEE-11144CE20306" />
    <sequenceFlow id="sid-488CD0F1-E280-4BDE-B794-64CAF8C4FCA8" name="Scripts" sourceRef="GATEWAY_SELECTED_TEST" targetRef="SCRIPTS_SUB" />
    <sequenceFlow id="sid-ECE4F718-B986-45F1-8B0C-C0C1DAE66DB3" name="Message Interrupts" sourceRef="GATEWAY_SELECTED_TEST" targetRef="MESSAGE_INTERRUPTS_SUB" />
    <sequenceFlow id="sid-85975D4B-1DC8-4998-A7DF-6F9C31861EE7" name="Messages" sourceRef="GATEWAY_SELECTED_TEST" targetRef="MESSAGES_SUB" />
    <sequenceFlow id="sid-979356AC-A00F-456E-9790-39D512F50D3C" name="" sourceRef="SCRIPTS_SUB" targetRef="sid-464B8E64-10B4-4158-BDEE-11144CE20306" />
    <sequenceFlow id="sid-36EA1BBD-FB84-4C19-AEFA-5C731F9C8789" name="" sourceRef="MESSAGES_SUB" targetRef="sid-464B8E64-10B4-4158-BDEE-11144CE20306" />
    <sequenceFlow id="sid-0B133E7E-E6B3-4578-8F8F-1C9DA5D8A015" name="" sourceRef="USER_INPUT_SELECT_TEST" targetRef="GATEWAY_SELECTED_TEST" />
    <sequenceFlow id="sid-6469A686-F148-4E90-81BB-5D3305421758" name="" sourceRef="sid-2C69C7A6-BD02-428F-B5AA-0BB10EC514C2" targetRef="USER_INPUT_SELECT_TEST" />
  </process>
  <bpmndi:BPMNDiagram id="sid-a37ca73c-40c4-480b-b59d-f89de335318b">
    <bpmndi:BPMNPlane id="sid-9588aae0-f5a5-4b8d-84c3-f9ce34d54f32" bpmnElement="sid-70c35a28-03d0-4c9d-a009-2f24f6cc7ae9">
      <bpmndi:BPMNShape id="sid-F3998B48-8B47-4EBF-9690-2459891DF29F_gui" bpmnElement="sid-F3998B48-8B47-4EBF-9690-2459891DF29F" isHorizontal="true">
        <omgdc:Bounds x="160" y="80" width="710" height="583" />
      </bpmndi:BPMNShape>
      <bpmndi:BPMNShape id="sid-7A923A68-8A4D-47F1-9CCD-8584C3992369_gui" bpmnElement="sid-7A923A68-8A4D-47F1-9CCD-8584C3992369" isHorizontal="true">
        <omgdc:Bounds x="190" y="80" width="680" height="583" />
      </bpmndi:BPMNShape>
      <bpmndi:BPMNEdge id="sid-6469A686-F148-4E90-81BB-5D3305421758_gui" bpmnElement="sid-6469A686-F148-4E90-81BB-5D3305421758">
        <omgdi:waypoint x="260" y="145" />
        <omgdi:waypoint x="339" y="145" />
      </bpmndi:BPMNEdge>
      <bpmndi:BPMNEdge id="sid-0B133E7E-E6B3-4578-8F8F-1C9DA5D8A015_gui" bpmnElement="sid-0B133E7E-E6B3-4578-8F8F-1C9DA5D8A015">
        <omgdi:waypoint x="389" y="185" />
        <omgdi:waypoint x="389" y="242" />
      </bpmndi:BPMNEdge>
      <bpmndi:BPMNEdge id="sid-36EA1BBD-FB84-4C19-AEFA-5C731F9C8789_gui" bpmnElement="sid-36EA1BBD-FB84-4C19-AEFA-5C731F9C8789">
        <omgdi:waypoint x="700" y="262" />
        <omgdi:waypoint x="807" y="262" />
        <omgdi:waypoint x="807" y="145" />
        <omgdi:waypoint x="518" y="145" />
      </bpmndi:BPMNEdge>
      <bpmndi:BPMNEdge id="sid-979356AC-A00F-456E-9790-39D512F50D3C_gui" bpmnElement="sid-979356AC-A00F-456E-9790-39D512F50D3C">
        <omgdi:waypoint x="692" y="367" />
        <omgdi:waypoint x="807" y="367" />
        <omgdi:waypoint x="807" y="145" />
        <omgdi:waypoint x="518" y="145" />
      </bpmndi:BPMNEdge>
      <bpmndi:BPMNEdge id="sid-85975D4B-1DC8-4998-A7DF-6F9C31861EE7_gui" bpmnElement="sid-85975D4B-1DC8-4998-A7DF-6F9C31861EE7">
        <omgdi:waypoint x="409" y="262" />
        <omgdi:waypoint x="585" y="262" />
        <bpmndi:BPMNLabel>
          <omgdc:Bounds x="472" y="237" width="51" height="14" />
        </bpmndi:BPMNLabel>
      </bpmndi:BPMNEdge>
      <bpmndi:BPMNEdge id="sid-ECE4F718-B986-45F1-8B0C-C0C1DAE66DB3_gui" bpmnElement="sid-ECE4F718-B986-45F1-8B0C-C0C1DAE66DB3">
        <omgdi:waypoint x="389" y="282" />
        <omgdi:waypoint x="389.5" y="479" />
        <omgdi:waypoint x="592" y="479" />
        <bpmndi:BPMNLabel>
          <omgdc:Bounds x="366" y="356" width="47" height="27" />
        </bpmndi:BPMNLabel>
      </bpmndi:BPMNEdge>
      <bpmndi:BPMNEdge id="sid-488CD0F1-E280-4BDE-B794-64CAF8C4FCA8_gui" bpmnElement="sid-488CD0F1-E280-4BDE-B794-64CAF8C4FCA8">
        <omgdi:waypoint x="405" y="282" />
        <omgdi:waypoint x="476" y="367" />
        <omgdi:waypoint x="592" y="367" />
        <bpmndi:BPMNLabel>
          <omgdc:Bounds x="423" y="300" width="35" height="14" />
        </bpmndi:BPMNLabel>
      </bpmndi:BPMNEdge>
      <bpmndi:BPMNEdge id="sid-9AD6C46B-BC40-4D3A-91E2-8E933EF9ADF0_gui" bpmnElement="sid-9AD6C46B-BC40-4D3A-91E2-8E933EF9ADF0">
        <omgdi:waypoint x="408" y="242" />
        <omgdi:waypoint x="491" y="159" />
        <bpmndi:BPMNLabel>
          <omgdc:Bounds x="422" y="176" width="56" height="14" />
        </bpmndi:BPMNLabel>
      </bpmndi:BPMNEdge>
      <bpmndi:BPMNEdge id="sid-B7DB2642-79A3-4D7B-9CB6-06C4854E4C9D_gui" bpmnElement="sid-B7DB2642-79A3-4D7B-9CB6-06C4854E4C9D">
        <omgdi:waypoint x="692" y="479" />
        <omgdi:waypoint x="807" y="479" />
        <omgdi:waypoint x="807" y="145" />
        <omgdi:waypoint x="518" y="145" />
      </bpmndi:BPMNEdge>
      <bpmndi:BPMNEdge id="sid-BFCB2CAC-CE5B-4EA2-8A4D-339D7D5894A4_gui" bpmnElement="sid-BFCB2CAC-CE5B-4EA2-8A4D-339D7D5894A4">
        <omgdi:waypoint x="371" y="282" />
        <omgdi:waypoint x="277" y="382" />
        <omgdi:waypoint x="277" y="585" />
        <omgdi:waypoint x="592" y="585" />
        <bpmndi:BPMNLabel>
          <omgdc:Bounds x="258" y="474" width="68" height="27" />
        </bpmndi:BPMNLabel>
      </bpmndi:BPMNEdge>
      <bpmndi:BPMNEdge id="sid-EC51B1C2-2A2D-4515-90CF-9CDCF31A8A44_gui" bpmnElement="sid-EC51B1C2-2A2D-4515-90CF-9CDCF31A8A44">
        <omgdi:waypoint x="692" y="585" />
        <omgdi:waypoint x="807" y="585" />
        <omgdi:waypoint x="807" y="145" />
        <omgdi:waypoint x="518" y="145" />
      </bpmndi:BPMNEdge>
      <bpmndi:BPMNShape id="sid-2C69C7A6-BD02-428F-B5AA-0BB10EC514C2_gui" bpmnElement="sid-2C69C7A6-BD02-428F-B5AA-0BB10EC514C2">
        <omgdc:Bounds x="230" y="130" width="30" height="30" />
      </bpmndi:BPMNShape>
      <bpmndi:BPMNShape id="sid-6A83C24E-9609-47CD-B595-BCFC30BBF790_gui" bpmnElement="USER_INPUT_SELECT_TEST">
        <omgdc:Bounds x="339" y="105" width="100" height="80" />
      </bpmndi:BPMNShape>
      <bpmndi:BPMNShape id="sid-1192E625-131C-46FE-B872-20C4533EA7DE_gui" bpmnElement="GATEWAY_SELECTED_TEST" isMarkerVisible="true">
        <omgdc:Bounds x="369" y="242" width="40" height="40" />
      </bpmndi:BPMNShape>
      <bpmndi:BPMNShape id="sid-464B8E64-10B4-4158-BDEE-11144CE20306_gui" bpmnElement="sid-464B8E64-10B4-4158-BDEE-11144CE20306">
        <omgdc:Bounds x="491" y="131" width="28" height="28" />
      </bpmndi:BPMNShape>
      <bpmndi:BPMNShape id="sid-7C7227E8-087F-4CB6-9B60-200B5D495886_gui" bpmnElement="MESSAGES_SUB" isExpanded="false">
        <omgdc:Bounds x="585" y="224" width="115" height="76" />
      </bpmndi:BPMNShape>
      <bpmndi:BPMNShape id="sid-983D0282-05EA-48F6-B02F-41BBD8DF538E_gui" bpmnElement="SCRIPTS_SUB" isExpanded="false">
        <omgdc:Bounds x="593" y="327" width="100" height="80" />
      </bpmndi:BPMNShape>
      <bpmndi:BPMNShape id="sid-5A3ED200-8278-4D1F-9F84-B5E53B268133_gui" bpmnElement="MESSAGE_INTERRUPTS_SUB" isExpanded="false">
        <omgdc:Bounds x="593" y="439" width="100" height="80" />
      </bpmndi:BPMNShape>
      <bpmndi:BPMNShape id="sid-60507DE6-5A96-4C88-A322-E3451526EB33_gui" bpmnElement="MESSAGE_NON_INTERRUPT_SUB" isExpanded="false">
        <omgdc:Bounds x="593" y="545" width="100" height="80" />
      </bpmndi:BPMNShape>
    </bpmndi:BPMNPlane>
  </bpmndi:BPMNDiagram>
</definitions>
